<?xml version="1.0" encoding="UTF-8"?>
<robot generator="Robot 7.4.2 (Python 3.14.7 on win32)" generated="2026-09-15T17:38:23.356411" rpa="false" schemaversion="5">
<suite id="s1" name="TestCase1" source="C:\Users\Richard Guise\OneDrive - COCUS AG\Python\RobotTestProject\Tests\TestCase1.robot">
<test id="s1-t1" name="Test Case 1" line="20">
<kw name="Log" owner="BuiltIn">
<msg time="2026-09-15T17:38:23.422466" level="TRACE">Arguments: [ 'This is a sample test case' ]</msg>
<msg time="2026-09-15T17:38:23.422542" level="INFO">This is a sample test case</msg>
<msg time="2026-09-15T17:38:23.422572" level="TRACE">Return: None</msg>
<arg>This is a sample test case</arg>
<doc>Logs the given message with the given level.</doc>
<status status="PASS" start="2026-09-15T17:38:23.422283" elapsed="0.000317"/>
</kw>
<kw name="Log" owner="BuiltIn">
<msg time="2026-09-15T17:38:23.423048" level="TRACE">Arguments: [ 'The value of my variable is: my test variable' ]</msg>
<msg time="2026-09-15T17:38:23.423099" level="INFO">The value of my variable is: my test variable</msg>
<msg time="2026-09-15T17:38:23.423122" level="TRACE">Return: None</msg>
<arg>The value of my variable is: ${MY-VARIABLE}</arg>
<doc>Logs the given message with the given level.</doc>
<status status="PASS" start="2026-09-15T17:38:23.422864" elapsed="0.000278"/>
</kw>
<kw name="Log" owner="BuiltIn">
<msg time="2026-09-15T17:38:23.423497" level="TRACE">Arguments: [ 'The value of my variable is: my secondtest variable' ]</msg>
<msg time="2026-09-15T17:38:23.423538" level="INFO">The value of my variable is: my secondtest variable</msg>
<msg time="2026-09-15T17:38:23.423557" level="TRACE">Return: None</msg>
<arg>The value of my variable is: ${MY-VARIABLE2}</arg>
<doc>Logs the given message with the given level.</doc>
<status status="PASS" start="2026-09-15T17:38:23.423346" elapsed="0.000229"/>
</kw>
<kw name="Log" owner="BuiltIn">
<msg time="2026-09-15T17:38:23.423876" level="TRACE">Arguments: [ "The value of the Google search field is: //input[@title='Search']" ]</msg>
<msg time="2026-09-15T17:38:23.423912" level="INFO">The value of the Google search field is: //input[@title='Search']</msg>
<msg time="2026-09-15T17:38:23.423931" level="TRACE">Return: None</msg>
<arg>The value of the Google search field is: ${GOOGLE-SEARCH-FIELD}</arg>
<doc>Logs the given message with the given level.</doc>
<status status="PASS" start="2026-09-15T17:38:23.423746" elapsed="0.000203"/>
</kw>
<kw name="Log" owner="BuiltIn">
<msg time="2026-09-15T17:38:23.424239" level="TRACE">Arguments: [ "The value of my list is: ['item1', 'item2', 'item3']" ]</msg>
<msg time="2026-09-15T17:38:23.424273" level="INFO">The value of my list is: ['item1', 'item2', 'item3']</msg>
<msg time="2026-09-15T17:38:23.424295" level="TRACE">Return: None</msg>
<arg>The value of my list is: ${MY-LIST}</arg>
<doc>Logs the given message with the given level.</doc>
<status status="PASS" start="2026-09-15T17:38:23.424112" elapsed="0.000200"/>
</kw>
<kw name="Log" owner="BuiltIn">
<msg time="2026-09-15T17:38:23.424859" level="TRACE">Arguments: [ 'The value of my list item is: item3' ]</msg>
<msg time="2026-09-15T17:38:23.424905" level="INFO">The value of my list item is: item3</msg>
<msg time="2026-09-15T17:38:23.424924" level="TRACE">Return: None</msg>
<arg>The value of my list item is: ${MY-LIST}[2]</arg>
<doc>Logs the given message with the given level.</doc>
<status status="PASS" start="2026-09-15T17:38:23.424555" elapsed="0.000388"/>
</kw>
<kw name="Log" owner="BuiltIn">
<msg time="2026-09-15T17:38:23.425316" level="TRACE">Arguments: [ 'The value of my list item is: item1' ]</msg>
<msg time="2026-09-15T17:38:23.425352" level="INFO">The value of my list item is: item1</msg>
<msg time="2026-09-15T17:38:23.425370" level="TRACE">Return: None</msg>
<arg>The value of my list item is: ${MY-LIST}[0]</arg>
<doc>Logs the given message with the given level.</doc>
<status status="PASS" start="2026-09-15T17:38:23.425175" elapsed="0.000213"/>
</kw>
<kw name="Log" owner="BuiltIn">
<msg time="2026-09-15T17:38:23.425684" level="TRACE">Arguments: [ "The value of my dictionary is: {'username': 'testuser', 'password': 'pass', 'domain': 'domain.com'}" ]</msg>
<msg time="2026-09-15T17:38:23.425718" level="INFO">The value of my dictionary is: {'username': 'testuser', 'password': 'pass', 'domain': 'domain.com'}</msg>
<msg time="2026-09-15T17:38:23.425734" level="TRACE">Return: None</msg>
<arg>The value of my dictionary is: ${MY-DICTIONARY}</arg>
<doc>Logs the given message with the given level.</doc>
<status status="PASS" start="2026-09-15T17:38:23.425554" elapsed="0.000198"/>
</kw>
<kw name="Log" owner="BuiltIn">
<msg time="2026-09-15T17:38:23.426044" level="TRACE">Arguments: [ 'The value of my dictionary item is: testuser' ]</msg>
<msg time="2026-09-15T17:38:23.426077" level="INFO">The value of my dictionary item is: testuser</msg>
<msg time="2026-09-15T17:38:23.426096" level="TRACE">Return: None</msg>
<arg>The value of my dictionary item is: ${MY-DICTIONARY}[username]</arg>
<doc>Logs the given message with the given level.</doc>
<status status="PASS" start="2026-09-15T17:38:23.425913" elapsed="0.000200"/>
</kw>
<kw name="Log" owner="BuiltIn">
<msg time="2026-09-15T17:38:23.426839" level="TRACE">Arguments: [ 'The value of my dictionary item is: pass' ]</msg>
<msg time="2026-09-15T17:38:23.426925" level="INFO">The value of my dictionary item is: pass</msg>
<msg time="2026-09-15T17:38:23.426970" level="TRACE">Return: None</msg>
<arg>The value of my dictionary item is: ${MY-DICTIONARY}[password]</arg>
<doc>Logs the given message with the given level.</doc>
<status status="PASS" start="2026-09-15T17:38:23.426518" elapsed="0.000499"/>
</kw>
<kw name="Log" owner="BuiltIn">
<msg time="2026-09-15T17:38:23.427358" level="TRACE">Arguments: [ 'The value of my dictionary item is: domain.com' ]</msg>
<msg time="2026-09-15T17:38:23.427397" level="INFO">The value of my dictionary item is: domain.com</msg>
<msg time="2026-09-15T17:38:23.427425" level="TRACE">Return: None</msg>
<arg>The value of my dictionary item is: ${MY-DICTIONARY}[domain]</arg>
<doc>Logs the given message with the given level.</doc>
<status status="PASS" start="2026-09-15T17:38:23.427199" elapsed="0.000245"/>
</kw>
<tag>demo</tag>
<tag>demo2</tag>
<status status="PASS" start="2026-09-15T17:38:23.421588" elapsed="0.006067"/>
</test>
<doc>Test Case 1 - My first test case</doc>
<status status="PASS" start="2026-09-15T17:38:23.359986" elapsed="0.068267"/>
</suite>
<statistics>
<total>
<stat pass="1" fail="0" skip="0">All Tests</stat>
</total>
<tag>
<stat pass="1" fail="0" skip="0">demo</stat>
<stat pass="1" fail="0" skip="0">demo2</stat>
</tag>
<suite>
<stat name="TestCase1" id="s1" pass="1" fail="0" skip="0">TestCase1</stat>
</suite>
</statistics>
<errors>
</errors>
</robot>
